Jan-10 04:11:49.970 [main] DEBUG nextflow.cli.Launcher - $> nextflow run modules/pileup.nf -c config/params.config
Jan-10 04:11:50.049 [main] INFO  nextflow.cli.CmdRun - N E X T F L O W  ~  version 22.10.4
Jan-10 04:11:50.067 [main] DEBUG nextflow.plugin.PluginsFacade - Setting up plugin manager > mode=prod; embedded=false; plugins-dir=/home/ubuntu/.nextflow/plugins; core-plugins: nf-amazon@1.11.2,nf-azure@0.14.2,nf-codecommit@0.1.2,nf-console@1.0.4,nf-ga4gh@1.0.4,nf-google@1.4.5,nf-tower@1.5.6,nf-wave@0.5.2
Jan-10 04:11:50.076 [main] INFO  org.pf4j.DefaultPluginStatusProvider - Enabled plugins: []
Jan-10 04:11:50.077 [main] INFO  org.pf4j.DefaultPluginStatusProvider - Disabled plugins: []
Jan-10 04:11:50.079 [main] INFO  org.pf4j.DefaultPluginManager - PF4J version 3.4.1 in 'deployment' mode
Jan-10 04:11:50.090 [main] INFO  org.pf4j.AbstractPluginManager - No plugins
Jan-10 04:11:50.108 [main] DEBUG nextflow.config.ConfigBuilder - User config file: /data-weedomics-1/align_fastq/config/params.config
Jan-10 04:11:50.108 [main] DEBUG nextflow.config.ConfigBuilder - Parsing config file: /data-weedomics-1/align_fastq/config/params.config
Jan-10 04:11:50.126 [main] DEBUG nextflow.config.ConfigBuilder - Applying config profile: `standard`
Jan-10 04:11:50.693 [main] DEBUG nextflow.cli.CmdRun - Applied DSL=2 by global default
Jan-10 04:11:50.709 [main] INFO  nextflow.cli.CmdRun - Launching `modules/pileup.nf` [tiny_booth] DSL2 - revision: 84c932f115
Jan-10 04:11:50.709 [main] DEBUG nextflow.plugin.PluginsFacade - Plugins default=[]
Jan-10 04:11:50.709 [main] DEBUG nextflow.plugin.PluginsFacade - Plugins resolved requirement=[]
Jan-10 04:11:50.718 [main] DEBUG nextflow.secret.LocalSecretsProvider - Secrets store: /home/ubuntu/.nextflow/secrets/store.json
Jan-10 04:11:50.722 [main] DEBUG nextflow.secret.SecretsLoader - Discovered secrets providers: [nextflow.secret.LocalSecretsProvider@5634d0f4] - activable => nextflow.secret.LocalSecretsProvider@5634d0f4
Jan-10 04:11:50.788 [main] DEBUG nextflow.Session - Session UUID: bbec7df5-9aa5-46ad-94ef-a76d2713a312
Jan-10 04:11:50.789 [main] DEBUG nextflow.Session - Run name: tiny_booth
Jan-10 04:11:50.789 [main] DEBUG nextflow.Session - Executor pool size: 32
Jan-10 04:11:50.799 [main] DEBUG nextflow.util.ThreadPoolBuilder - Creating thread pool 'FileTransfer' minSize=10; maxSize=96; workQueue=LinkedBlockingQueue[10000]; allowCoreThreadTimeout=false
Jan-10 04:11:50.823 [main] DEBUG nextflow.cli.CmdRun - 
  Version: 22.10.4 build 5836
  Created: 09-12-2022 09:58 UTC 
  System: Linux 5.15.0-52-generic
  Runtime: Groovy 3.0.13 on OpenJDK 64-Bit Server VM 17.0.3-internal+0-adhoc..src
  Encoding: UTF-8 (UTF-8)
  Process: 2737437@weedomics-vm-1 [127.0.1.1]
  CPUs: 32 - Mem: 125.8 GB (12.6 GB) - Swap: 0 (0)
Jan-10 04:11:50.844 [main] DEBUG nextflow.Session - Work-dir: /data-weedomics-1/align_fastq/work [ext2/ext3]
Jan-10 04:11:50.844 [main] DEBUG nextflow.Session - Script base path does not exist or is not a directory: /data-weedomics-1/align_fastq/modules/bin
Jan-10 04:11:50.853 [main] DEBUG nextflow.executor.ExecutorFactory - Extension executors providers=[]
Jan-10 04:11:50.862 [main] DEBUG nextflow.Session - Observer factory: DefaultObserverFactory
Jan-10 04:11:50.890 [main] DEBUG nextflow.cache.CacheFactory - Using Nextflow cache factory: nextflow.cache.DefaultCacheFactory
Jan-10 04:11:50.899 [main] DEBUG nextflow.util.CustomThreadPool - Creating default thread pool > poolSize: 33; maxThreads: 1000
Jan-10 04:11:50.981 [main] DEBUG nextflow.Session - Session start
Jan-10 04:11:51.158 [main] DEBUG nextflow.script.ScriptRunner - > Launching execution
Jan-10 04:11:51.214 [main] DEBUG nextflow.script.ProcessConfig - Config settings `withLabel:HIGH_MEM_HIGH_CPU` matches labels `HIGH_MEM_HIGH_CPU` for process with name PILEUP
Jan-10 04:11:51.218 [main] DEBUG nextflow.executor.ExecutorFactory - << taskConfig executor: null
Jan-10 04:11:51.218 [main] DEBUG nextflow.executor.ExecutorFactory - >> processorType: 'local'
Jan-10 04:11:51.223 [main] DEBUG nextflow.executor.Executor - [warm up] executor > local
Jan-10 04:11:51.228 [main] DEBUG n.processor.LocalPollingMonitor - Creating local task monitor for executor 'local' > cpus=32; memory=125.8 GB; capacity=32; pollInterval=100ms; dumpInterval=5m
Jan-10 04:11:51.332 [main] DEBUG nextflow.Session - Workflow process names [dsl2]: PILEUP
Jan-10 04:11:51.333 [main] DEBUG nextflow.Session - Igniting dataflow network (1)
Jan-10 04:11:51.333 [main] DEBUG nextflow.processor.TaskProcessor - Starting process > PILEUP
Jan-10 04:11:51.334 [main] DEBUG nextflow.script.ScriptRunner - > Awaiting termination 
Jan-10 04:11:51.334 [main] DEBUG nextflow.Session - Session await
Jan-10 04:11:51.500 [Task submitter] DEBUG n.executor.local.LocalTaskHandler - Launch cmd line: /bin/bash -ue .command.run
Jan-10 04:11:51.502 [Task submitter] INFO  nextflow.Session - [be/89aade] Submitted process > PILEUP
Jan-10 04:14:34.379 [Task monitor] DEBUG n.processor.TaskPollingMonitor - Task completed > TaskHandler[id: 1; name: PILEUP; status: COMPLETED; exit: 0; error: -; workDir: /data-weedomics-1/align_fastq/work/be/89aade8e05b2cef126986f3c48dd7b]
Jan-10 04:14:34.388 [main] DEBUG nextflow.Session - Session await > all processes finished
Jan-10 04:14:34.476 [main] DEBUG nextflow.Session - Session await > all barriers passed
Jan-10 04:14:34.481 [main] DEBUG nextflow.trace.WorkflowStatsObserver - Workflow completed > WorkflowStats[succeededCount=1; failedCount=0; ignoredCount=0; cachedCount=0; pendingCount=0; submittedCount=0; runningCount=0; retriesCount=0; abortedCount=0; succeedDuration=1h 26m 51s; failedDuration=0ms; cachedDuration=0ms;loadCpus=0; loadMemory=0; peakRunning=1; peakCpus=32; peakMemory=124 GB; ]
Jan-10 04:14:34.502 [main] DEBUG nextflow.cache.CacheDB - Closing CacheDB done
Jan-10 04:14:34.515 [main] DEBUG nextflow.util.ThreadPoolManager - Thread pool 'FileTransfer' shutdown completed (hard=false)
Jan-10 04:14:34.515 [main] DEBUG nextflow.script.ScriptRunner - > Execution complete -- Goodbye
