[samfaipath] build FASTA index...
[M::bwa_idx_load_from_disk] read 0 ALT contigs
[M::process] read 1153298 sequences (172514951 bp)...
[M::mem_pestat] # candidate unique pairs for (FF, FR, RF, RR): (27, 56650, 64, 14)
[M::mem_pestat] analyzing insert size distribution for orientation FF...
[M::mem_pestat] (25, 50, 75) percentile: (69, 218, 414)
[M::mem_pestat] low and high boundaries for computing mean and std.dev: (1, 1104)
[M::mem_pestat] mean and std.dev: (206.75, 189.27)
[M::mem_pestat] low and high boundaries for proper pairs: (1, 1449)
[M::mem_pestat] analyzing insert size distribution for orientation FR...
[M::mem_pestat] (25, 50, 75) percentile: (192, 250, 343)
[M::mem_pestat] low and high boundaries for computing mean and std.dev: (1, 645)
[M::mem_pestat] mean and std.dev: (270.14, 112.31)
[M::mem_pestat] low and high boundaries for proper pairs: (1, 796)
[M::mem_pestat] analyzing insert size distribution for orientation RF...
[M::mem_pestat] (25, 50, 75) percentile: (67, 541, 4126)
[M::mem_pestat] low and high boundaries for computing mean and std.dev: (1, 12244)
[M::mem_pestat] mean and std.dev: (2254.05, 2839.21)
[M::mem_pestat] low and high boundaries for proper pairs: (1, 16303)
[M::mem_pestat] analyzing insert size distribution for orientation RR...
[M::mem_pestat] (25, 50, 75) percentile: (98, 671, 6184)
[M::mem_pestat] low and high boundaries for computing mean and std.dev: (1, 18356)
[M::mem_pestat] mean and std.dev: (2365.86, 2779.61)
[M::mem_pestat] low and high boundaries for proper pairs: (1, 24442)
[M::mem_pestat] skip orientation FF
[M::mem_pestat] skip orientation RF
[M::mem_pestat] skip orientation RR
[M::mem_process_seqs] Processed 1153298 reads in 2215.312 CPU sec, 72.179 real sec
[main] Version: 0.7.17-r1188
[main] CMD: bwa mem -t 32 /data-weedomics-1/align_fastq/test/ref/Lolium_rigidum_genome paired-test_R1.fastq.gz paired-test_R2.fastq.gz
[main] Real time: 82.403 sec; CPU: 2222.098 sec
[bam_sort_core] merging from 0 files and 32 in-memory blocks...
Output:
  (1/1) paired-*.bam
