TrimmomaticPE: Started with arguments:
 -threads 32 paired-test_R1.fastq.gz paired-test_R2.fastq.gz paired-paired-test_R1.fastq.gz paired-paired-test_R2.fastq.gz unpaired-paired-test_R1.fastq.gz unpaired-paired-test_R2.fastq.gz ILLUMINACLIP:/data-weedomics-1/align_fastq/test/IDT_for_Illumina_TruSeq_UD_and_CD_indexes.fa:2:30:10:2:True LEADING:3 TRAILING:3 MINLEN:36
Using Long Clipping Sequence: 'AATGATACGGCGACCACCGAGATCTACAC........ACACTCTTTCCCTACACGACGCTCTTCCGATCT'
Using Long Clipping Sequence: 'AGATCGGAAGAGCACACGTCTGAACTCCAGTCA'
Using Long Clipping Sequence: 'AGATCGGAAGAGCGTCGTGTAGGGAAAGAGTGT'
Skipping duplicate Clipping Sequence: 'AGATCGGAAGAGCGTCGTGTAGGGAAAGAGTGT'
Skipping duplicate Clipping Sequence: 'AGATCGGAAGAGCACACGTCTGAACTCCAGTCA'
Using Long Clipping Sequence: 'GATCGGAAGAGCACACGTCTGAACTCCAGTCAC........ATCTCGTATGCCGTCTTCTGCTTG'
Skipping duplicate Clipping Sequence: 'GATCGGAAGAGCACACGTCTGAACTCCAGTCAC........ATCTCGTATGCCGTCTTCTGCTTG'
ILLUMINACLIP: Using 0 prefix pairs, 4 forward/reverse sequences, 0 forward only sequences, 0 reverse only sequences
Quality encoding detected as phred33
Input Read Pairs: 68 Both Surviving: 68 (100.00%) Forward Only Surviving: 0 (0.00%) Reverse Only Surviving: 0 (0.00%) Dropped: 0 (0.00%)
TrimmomaticPE: Completed successfully
TrimmomaticPE: Started with arguments:
 -threads 32 test_R1.fastq.gz test_R2.fastq.gz paired-test_R1.fastq.gz paired-test_R2.fastq.gz unpaired-test_R1.fastq.gz unpaired-test_R2.fastq.gz ILLUMINACLIP:/data-weedomics-1/align_fastq/test/IDT_for_Illumina_TruSeq_UD_and_CD_indexes.fa:2:30:10:2:True LEADING:3 TRAILING:3 MINLEN:36
Using Long Clipping Sequence: 'AATGATACGGCGACCACCGAGATCTACAC........ACACTCTTTCCCTACACGACGCTCTTCCGATCT'
Using Long Clipping Sequence: 'AGATCGGAAGAGCACACGTCTGAACTCCAGTCA'
Using Long Clipping Sequence: 'AGATCGGAAGAGCGTCGTGTAGGGAAAGAGTGT'
Skipping duplicate Clipping Sequence: 'AGATCGGAAGAGCGTCGTGTAGGGAAAGAGTGT'
Skipping duplicate Clipping Sequence: 'AGATCGGAAGAGCACACGTCTGAACTCCAGTCA'
Using Long Clipping Sequence: 'GATCGGAAGAGCACACGTCTGAACTCCAGTCAC........ATCTCGTATGCCGTCTTCTGCTTG'
Skipping duplicate Clipping Sequence: 'GATCGGAAGAGCACACGTCTGAACTCCAGTCAC........ATCTCGTATGCCGTCTTCTGCTTG'
ILLUMINACLIP: Using 0 prefix pairs, 4 forward/reverse sequences, 0 forward only sequences, 0 reverse only sequences
Quality encoding detected as phred33
Input Read Pairs: 588443 Both Surviving: 576649 (98.00%) Forward Only Surviving: 68 (0.01%) Reverse Only Surviving: 130 (0.02%) Dropped: 11596 (1.97%)
TrimmomaticPE: Completed successfully
TrimmomaticPE: Started with arguments:
 -threads 32 unpaired-test_R1.fastq.gz unpaired-test_R2.fastq.gz paired-unpaired-test_R1.fastq.gz paired-unpaired-test_R2.fastq.gz unpaired-unpaired-test_R1.fastq.gz unpaired-unpaired-test_R2.fastq.gz ILLUMINACLIP:/data-weedomics-1/align_fastq/test/IDT_for_Illumina_TruSeq_UD_and_CD_indexes.fa:2:30:10:2:True LEADING:3 TRAILING:3 MINLEN:36
Using Long Clipping Sequence: 'AATGATACGGCGACCACCGAGATCTACAC........ACACTCTTTCCCTACACGACGCTCTTCCGATCT'
Using Long Clipping Sequence: 'AGATCGGAAGAGCACACGTCTGAACTCCAGTCA'
Using Long Clipping Sequence: 'AGATCGGAAGAGCGTCGTGTAGGGAAAGAGTGT'
Skipping duplicate Clipping Sequence: 'AGATCGGAAGAGCGTCGTGTAGGGAAAGAGTGT'
Skipping duplicate Clipping Sequence: 'AGATCGGAAGAGCACACGTCTGAACTCCAGTCA'
Using Long Clipping Sequence: 'GATCGGAAGAGCACACGTCTGAACTCCAGTCAC........ATCTCGTATGCCGTCTTCTGCTTG'
Skipping duplicate Clipping Sequence: 'GATCGGAAGAGCACACGTCTGAACTCCAGTCAC........ATCTCGTATGCCGTCTTCTGCTTG'
ILLUMINACLIP: Using 0 prefix pairs, 4 forward/reverse sequences, 0 forward only sequences, 0 reverse only sequences
Quality encoding detected as phred33
Input Read Pairs: 130 Both Surviving: 130 (100.00%) Forward Only Surviving: 0 (0.00%) Reverse Only Surviving: 0 (0.00%) Dropped: 0 (0.00%)
TrimmomaticPE: Completed successfully
Output:
  (1/2) {ORTHONAME}.fasta
  (2/2) {ORTHONAME}-{SPECIES}.fasta
