mpileup: unrecognized option '--no-output-ins'

Usage: samtools mpileup [options] in1.bam [in2.bam [...]]

Input options:
  -6, --illumina1.3+      quality is in the Illumina-1.3+ encoding
  -A, --count-orphans     do not discard anomalous read pairs
  -b, --bam-list FILE     list of input BAM filenames, one per line
  -B, --no-BAQ            disable BAQ (per-Base Alignment Quality)
  -C, --adjust-MQ INT     adjust mapping quality; recommended:50, disable:0 [0]
  -d, --max-depth INT     max per-file depth; avoids excessive memory usage [250]
  -E, --redo-BAQ          recalculate BAQ on the fly, ignore existing BQs
  -f, --fasta-ref FILE    faidx indexed reference sequence file
  -G, --exclude-RG FILE   exclude read groups listed in FILE
  -l, --positions FILE    skip unlisted positions (chr pos) or regions (BED)
  -q, --min-MQ INT        skip alignments with mapQ smaller than INT [20]
  -Q, --min-BQ INT        skip bases with baseQ/BAQ smaller than INT [20]
  -r, --region REG        region in which pileup is generated
  -R, --ignore-RG         ignore RG tags (one BAM = one sample)
  --rf, --incl-flags STR|INT  required flags: skip reads with mask bits unset []
  --ff, --excl-flags STR|INT  filter flags: skip reads with mask bits set
                                            [UNMAP,SECONDARY,QCFAIL,DUP]
  -x, --ignore-overlaps   disable read-pair overlap detection

Output options:
  -o, --output FILE       write output to FILE [standard output]
  -g, --BCF               generate genotype likelihoods in BCF format
  -v, --VCF               generate genotype likelihoods in VCF format

Output options for mpileup format (without -g/-v):
  -O, --output-BP         output base positions on reads
  -s, --output-MQ         output mapping quality
      --output-QNAME      output read names
  -a                      output all positions (including zero depth)
  -a -a (or -aa)          output absolutely all positions, including unused ref. sequences

Output options for genotype likelihoods (when -g/-v is used):
  -t, --output-tags LIST  optional tags to output:
               DP,AD,ADF,ADR,SP,INFO/AD,INFO/ADF,INFO/ADR []
  -u, --uncompressed      generate uncompressed VCF/BCF output

SNP/INDEL genotype likelihoods options (effective with -g/-v):
  -e, --ext-prob INT      Phred-scaled gap extension seq error probability [20]
  -F, --gap-frac FLOAT    minimum fraction of gapped reads [0.002]
  -h, --tandem-qual INT   coefficient for homopolymer errors [100]
  -I, --skip-indels       do not perform indel calling
  -L, --max-idepth INT    maximum per-file depth for INDEL calling [250]
  -m, --min-ireads INT    minimum number gapped reads for indel candidates [1]
  -o, --open-prob INT     Phred-scaled gap open seq error probability [40]
  -p, --per-sample-mF     apply -m and -F per-sample for increased sensitivity
  -P, --platforms STR     comma separated list of platforms for indels [all]
      --input-fmt-option OPT[=VAL]
               Specify a single input file format option in the form
               of OPTION or OPTION=VALUE
      --reference FILE
               Reference sequence FASTA FILE [null]

Notes: Assuming diploid individuals.
